{
"contracts\\InitSimplesafe.sol":{"l":{"17":1,"18":1,"23":7,"24":6,"25":6,"29":4,"30":4,"33":4,"36":3,"40":4,"41":4,"42":3,"45":3,"46":3,"49":3,"51":3,"53":3,"55":3,"59":11,"63":1,"65":1,"66":1,"68":1},"path":"C:\\Users\\user\\4-1 43\\contracts\\InitSimplesafe.sol","s":{"1":1,"2":7,"3":4,"4":4,"5":4,"6":4,"7":4,"8":3,"9":3,"10":3,"11":11,"12":1,"13":1,"14":1},"b":{"1":[1,0],"2":[6,1],"3":[4,0],"4":[4,0],"5":[4,0],"6":[3,1],"7":[3,0],"8":[1,0],"9":[1,0]},"f":{"1":1,"2":7,"3":4,"4":4,"5":11,"6":1},"fnMap":{"1":{"name":"onlyOwner","line":16,"loc":{"start":{"line":16,"column":4},"end":{"line":19,"column":4}}},"2":{"name":"initialization","line":21,"loc":{"start":{"line":21,"column":4},"end":{"line":26,"column":4}}},"3":{"name":"deposit","line":28,"loc":{"start":{"line":28,"column":4},"end":{"line":37,"column":4}}},"4":{"name":"withdraw","line":39,"loc":{"start":{"line":39,"column":4},"end":{"line":56,"column":4}}},"5":{"name":"balanceOf","line":58,"loc":{"start":{"line":58,"column":4},"end":{"line":60,"column":4}}},"6":{"name":"takeFee","line":62,"loc":{"start":{"line":62,"column":4},"end":{"line":69,"column":4}}}},"statementMap":{"1":{"start":{"line":17,"column":8},"end":{"line":17,"column":77}},"2":{"start":{"line":23,"column":8},"end":{"line":23,"column":62}},"3":{"start":{"line":29,"column":8},"end":{"line":29,"column":67}},"4":{"start":{"line":30,"column":8},"end":{"line":30,"column":66}},"5":{"start":{"line":33,"column":8},"end":{"line":33,"column":68}},"6":{"start":{"line":40,"column":8},"end":{"line":40,"column":70}},"7":{"start":{"line":41,"column":8},"end":{"line":41,"column":78}},"8":{"start":{"line":42,"column":8},"end":{"line":42,"column":66}},"9":{"start":{"line":46,"column":8},"end":{"line":46,"column":44}},"10":{"start":{"line":55,"column":8},"end":{"line":55,"column":49}},"11":{"start":{"line":59,"column":8},"end":{"line":59,"column":42}},"12":{"start":{"line":63,"column":8},"end":{"line":63,"column":35}},"13":{"start":{"line":65,"column":8},"end":{"line":65,"column":69}},"14":{"start":{"line":68,"column":8},"end":{"line":68,"column":46}}},"branchMap":{"1":{"line":17,"type":"if","locations":[{"start":{"line":17,"column":8},"end":{"line":17,"column":8}},{"start":{"line":17,"column":8},"end":{"line":17,"column":8}}]},"2":{"line":23,"type":"if","locations":[{"start":{"line":23,"column":8},"end":{"line":23,"column":8}},{"start":{"line":23,"column":8},"end":{"line":23,"column":8}}]},"3":{"line":29,"type":"if","locations":[{"start":{"line":29,"column":8},"end":{"line":29,"column":8}},{"start":{"line":29,"column":8},"end":{"line":29,"column":8}}]},"4":{"line":30,"type":"if","locations":[{"start":{"line":30,"column":8},"end":{"line":30,"column":8}},{"start":{"line":30,"column":8},"end":{"line":30,"column":8}}]},"5":{"line":40,"type":"if","locations":[{"start":{"line":40,"column":8},"end":{"line":40,"column":8}},{"start":{"line":40,"column":8},"end":{"line":40,"column":8}}]},"6":{"line":41,"type":"if","locations":[{"start":{"line":41,"column":8},"end":{"line":41,"column":8}},{"start":{"line":41,"column":8},"end":{"line":41,"column":8}}]},"7":{"line":42,"type":"if","locations":[{"start":{"line":42,"column":8},"end":{"line":42,"column":8}},{"start":{"line":42,"column":8},"end":{"line":42,"column":8}}]},"8":{"line":62,"type":"if","locations":[{"start":{"line":62,"column":36},"end":{"line":62,"column":36}},{"start":{"line":62,"column":36},"end":{"line":62,"column":36}}]},"9":{"line":65,"type":"if","locations":[{"start":{"line":65,"column":8},"end":{"line":65,"column":8}},{"start":{"line":65,"column":8},"end":{"line":65,"column":8}}]}}},
"contracts\\MyToken.sol":{"l":{"8":27,"9":27},"path":"C:\\Users\\user\\4-1 43\\contracts\\MyToken.sol","s":{"1":27},"b":{},"f":{"1":27},"fnMap":{"1":{"name":"constructor","line":7,"loc":{"start":{"line":7,"column":4},"end":{"line":10,"column":4}}}},"statementMap":{"1":{"start":{"line":8,"column":8},"end":{"line":8,"column":51}}},"branchMap":{}},
"contracts\\NewSimplesafe.sol":{"l":{"15":10,"19":1,"20":1,"24":4,"25":4,"28":4,"31":3,"35":4,"36":4,"37":3,"40":3,"42":3,"45":3,"48":3,"51":3,"53":3,"57":11,"61":1,"63":1,"65":1,"68":1,"73":1},"path":"C:\\Users\\user\\4-1 43\\contracts\\NewSimplesafe.sol","s":{"1":1,"2":4,"3":4,"4":4,"5":4,"6":4,"7":3,"8":3,"9":3,"10":11,"11":1,"12":1,"13":1,"14":1},"b":{"1":[1,0],"2":[4,0],"3":[4,0],"4":[4,0],"5":[3,1],"6":[3,0],"7":[1,0],"8":[1,0]},"f":{"1":10,"2":1,"3":4,"4":4,"5":11,"6":1,"7":1},"fnMap":{"1":{"name":"constructor","line":14,"loc":{"start":{"line":14,"column":4},"end":{"line":16,"column":4}}},"2":{"name":"onlyOwner","line":18,"loc":{"start":{"line":18,"column":4},"end":{"line":21,"column":4}}},"3":{"name":"deposit","line":23,"loc":{"start":{"line":23,"column":4},"end":{"line":32,"column":4}}},"4":{"name":"withdraw","line":34,"loc":{"start":{"line":34,"column":4},"end":{"line":54,"column":4}}},"5":{"name":"balanceOf","line":56,"loc":{"start":{"line":56,"column":4},"end":{"line":58,"column":4}}},"6":{"name":"takeFee","line":60,"loc":{"start":{"line":60,"column":4},"end":{"line":69,"column":4}}},"7":{"name":"SAFEOWNER","line":72,"loc":{"start":{"line":72,"column":4},"end":{"line":74,"column":4}}}},"statementMap":{"1":{"start":{"line":19,"column":8},"end":{"line":19,"column":77}},"2":{"start":{"line":24,"column":8},"end":{"line":24,"column":67}},"3":{"start":{"line":25,"column":8},"end":{"line":25,"column":66}},"4":{"start":{"line":28,"column":8},"end":{"line":28,"column":68}},"5":{"start":{"line":35,"column":8},"end":{"line":35,"column":70}},"6":{"start":{"line":36,"column":8},"end":{"line":36,"column":78}},"7":{"start":{"line":37,"column":8},"end":{"line":37,"column":66}},"8":{"start":{"line":42,"column":8},"end":{"line":42,"column":44}},"9":{"start":{"line":53,"column":8},"end":{"line":53,"column":49}},"10":{"start":{"line":57,"column":8},"end":{"line":57,"column":42}},"11":{"start":{"line":61,"column":8},"end":{"line":61,"column":35}},"12":{"start":{"line":63,"column":8},"end":{"line":63,"column":69}},"13":{"start":{"line":68,"column":8},"end":{"line":68,"column":46}},"14":{"start":{"line":73,"column":8},"end":{"line":73,"column":20}}},"branchMap":{"1":{"line":19,"type":"if","locations":[{"start":{"line":19,"column":8},"end":{"line":19,"column":8}},{"start":{"line":19,"column":8},"end":{"line":19,"column":8}}]},"2":{"line":24,"type":"if","locations":[{"start":{"line":24,"column":8},"end":{"line":24,"column":8}},{"start":{"line":24,"column":8},"end":{"line":24,"column":8}}]},"3":{"line":25,"type":"if","locations":[{"start":{"line":25,"column":8},"end":{"line":25,"column":8}},{"start":{"line":25,"column":8},"end":{"line":25,"column":8}}]},"4":{"line":35,"type":"if","locations":[{"start":{"line":35,"column":8},"end":{"line":35,"column":8}},{"start":{"line":35,"column":8},"end":{"line":35,"column":8}}]},"5":{"line":36,"type":"if","locations":[{"start":{"line":36,"column":8},"end":{"line":36,"column":8}},{"start":{"line":36,"column":8},"end":{"line":36,"column":8}}]},"6":{"line":37,"type":"if","locations":[{"start":{"line":37,"column":8},"end":{"line":37,"column":8}},{"start":{"line":37,"column":8},"end":{"line":37,"column":8}}]},"7":{"line":60,"type":"if","locations":[{"start":{"line":60,"column":36},"end":{"line":60,"column":36}},{"start":{"line":60,"column":36},"end":{"line":60,"column":36}}]},"8":{"line":63,"type":"if","locations":[{"start":{"line":63,"column":8},"end":{"line":63,"column":8}},{"start":{"line":63,"column":8},"end":{"line":63,"column":8}}]}}},
"contracts\\Proxy.sol":{"l":{"20":6,"23":6,"25":6,"26":6,"27":6,"28":6,"33":0,"37":6,"38":6,"44":7,"45":7,"51":7,"52":7,"58":6,"59":6,"65":0,"70":1,"73":1,"74":1,"79":2,"84":4},"path":"C:\\Users\\user\\4-1 43\\contracts\\Proxy.sol","s":{"1":6,"2":6,"3":6,"4":6,"5":0,"6":6,"7":7,"8":7,"9":6,"10":0,"11":1,"12":0,"13":1,"14":2,"15":4},"b":{"1":[0,1]},"f":{"1":6,"2":0,"3":6,"4":7,"5":7,"6":6,"7":0,"8":1,"9":2,"10":4},"fnMap":{"1":{"name":"constructor","line":18,"loc":{"start":{"line":18,"column":4},"end":{"line":29,"column":4}}},"2":{"name":null,"line":32,"loc":{"start":{"line":32,"column":4},"end":{"line":34,"column":4}}},"3":{"name":"_writeowner","line":36,"loc":{"start":{"line":36,"column":4},"end":{"line":41,"column":4}}},"4":{"name":"_writeimplementation","line":43,"loc":{"start":{"line":43,"column":4},"end":{"line":48,"column":4}}},"5":{"name":"_Storeimplementation","line":50,"loc":{"start":{"line":50,"column":4},"end":{"line":55,"column":4}}},"6":{"name":"_StoreOwner","line":57,"loc":{"start":{"line":57,"column":4},"end":{"line":62,"column":4}}},"7":{"name":"_delegate","line":64,"loc":{"start":{"line":64,"column":4},"end":{"line":66,"column":4}}},"8":{"name":"upgrade","line":68,"loc":{"start":{"line":68,"column":4},"end":{"line":75,"column":4}}},"9":{"name":"OWNER","line":78,"loc":{"start":{"line":78,"column":4},"end":{"line":80,"column":4}}},"10":{"name":"getimplementation","line":83,"loc":{"start":{"line":83,"column":4},"end":{"line":85,"column":4}}}},"statementMap":{"1":{"start":{"line":20,"column":8},"end":{"line":20,"column":44}},"2":{"start":{"line":23,"column":8},"end":{"line":23,"column":30}},"3":{"start":{"line":27,"column":8},"end":{"line":27,"column":93}},"4":{"start":{"line":28,"column":8},"end":{"line":28,"column":73}},"5":{"start":{"line":33,"column":8},"end":{"line":33,"column":40}},"6":{"start":{"line":37,"column":8},"end":{"line":37,"column":33}},"7":{"start":{"line":44,"column":8},"end":{"line":44,"column":42}},"8":{"start":{"line":51,"column":8},"end":{"line":51,"column":42}},"9":{"start":{"line":58,"column":8},"end":{"line":58,"column":33}},"10":{"start":{"line":65,"column":8},"end":{"line":65,"column":70}},"11":{"start":{"line":70,"column":8},"end":{"line":70,"column":41}},"12":{"start":{"line":70,"column":33},"end":{"line":70,"column":40}},"13":{"start":{"line":73,"column":8},"end":{"line":73,"column":46}},"14":{"start":{"line":79,"column":8},"end":{"line":79,"column":20}},"15":{"start":{"line":84,"column":8},"end":{"line":84,"column":29}}},"branchMap":{"1":{"line":70,"type":"if","locations":[{"start":{"line":70,"column":8},"end":{"line":70,"column":8}},{"start":{"line":70,"column":8},"end":{"line":70,"column":8}}]}}},
"contracts\\SafeFactory.sol":{"l":{"21":6,"22":6,"26":2,"27":1,"31":1,"32":1,"36":3,"37":3,"38":3,"39":3,"43":1,"44":1,"45":1,"46":1,"51":1,"52":1,"57":3,"58":3,"63":1},"path":"C:\\Users\\user\\4-1 43\\contracts\\SafeFactory.sol","s":{"1":2,"2":1,"3":3,"4":3,"5":3,"6":3,"7":1,"8":1,"9":1,"10":1,"11":1,"12":1,"13":3,"14":3,"15":1},"b":{"1":[1,1],"2":[1,1],"3":[1,0],"4":[1,0],"5":[3,0]},"f":{"1":6,"2":2,"3":1,"4":3,"5":1,"6":1,"7":3,"8":1},"fnMap":{"1":{"name":"constructor","line":20,"loc":{"start":{"line":20,"column":4},"end":{"line":23,"column":4}}},"2":{"name":"onlyOwner","line":25,"loc":{"start":{"line":25,"column":4},"end":{"line":28,"column":4}}},"3":{"name":"updateImplementation","line":30,"loc":{"start":{"line":30,"column":4},"end":{"line":33,"column":4}}},"4":{"name":"deploySafeProxy","line":35,"loc":{"start":{"line":35,"column":4},"end":{"line":40,"column":4}}},"5":{"name":"deploySafe","line":42,"loc":{"start":{"line":42,"column":4},"end":{"line":47,"column":4}}},"6":{"name":"getdeploySafeAddr","line":50,"loc":{"start":{"line":50,"column":4},"end":{"line":53,"column":4}}},"7":{"name":"getdeployProxyAddr","line":56,"loc":{"start":{"line":56,"column":4},"end":{"line":59,"column":4}}},"8":{"name":"OWNER","line":62,"loc":{"start":{"line":62,"column":4},"end":{"line":64,"column":4}}}},"statementMap":{"1":{"start":{"line":26,"column":8},"end":{"line":26,"column":77}},"2":{"start":{"line":31,"column":8},"end":{"line":31,"column":83}},"3":{"start":{"line":36,"column":8},"end":{"line":36,"column":53}},"4":{"start":{"line":37,"column":8},"end":{"line":37,"column":43}},"5":{"start":{"line":38,"column":8},"end":{"line":38,"column":43}},"6":{"start":{"line":39,"column":8},"end":{"line":39,"column":29}},"7":{"start":{"line":43,"column":8},"end":{"line":43,"column":67}},"8":{"start":{"line":44,"column":8},"end":{"line":44,"column":51}},"9":{"start":{"line":45,"column":8},"end":{"line":45,"column":50}},"10":{"start":{"line":46,"column":8},"end":{"line":46,"column":37}},"11":{"start":{"line":51,"column":8},"end":{"line":51,"column":62}},"12":{"start":{"line":52,"column":8},"end":{"line":52,"column":36}},"13":{"start":{"line":57,"column":8},"end":{"line":57,"column":63}},"14":{"start":{"line":58,"column":8},"end":{"line":58,"column":37}},"15":{"start":{"line":63,"column":8},"end":{"line":63,"column":20}}},"branchMap":{"1":{"line":26,"type":"if","locations":[{"start":{"line":26,"column":8},"end":{"line":26,"column":8}},{"start":{"line":26,"column":8},"end":{"line":26,"column":8}}]},"2":{"line":30,"type":"if","locations":[{"start":{"line":30,"column":61},"end":{"line":30,"column":61}},{"start":{"line":30,"column":61},"end":{"line":30,"column":61}}]},"3":{"line":31,"type":"if","locations":[{"start":{"line":31,"column":8},"end":{"line":31,"column":8}},{"start":{"line":31,"column":8},"end":{"line":31,"column":8}}]},"4":{"line":51,"type":"if","locations":[{"start":{"line":51,"column":8},"end":{"line":51,"column":8}},{"start":{"line":51,"column":8},"end":{"line":51,"column":8}}]},"5":{"line":57,"type":"if","locations":[{"start":{"line":57,"column":8},"end":{"line":57,"column":8}},{"start":{"line":57,"column":8},"end":{"line":57,"column":8}}]}}}}
