TN:
SF:C:\Users\user\4-1 43\contracts\InitSimplesafe.sol
FN:16,onlyOwner
FN:21,initialization
FN:28,deposit
FN:39,withdraw
FN:58,balanceOf
FN:62,takeFee
FNF:6
FNH:6
FNDA:1,onlyOwner
FNDA:7,initialization
FNDA:4,deposit
FNDA:4,withdraw
FNDA:11,balanceOf
FNDA:1,takeFee
DA:17,1
DA:18,1
DA:23,7
DA:24,6
DA:25,6
DA:29,4
DA:30,4
DA:33,4
DA:36,3
DA:40,4
DA:41,4
DA:42,3
DA:45,3
DA:46,3
DA:49,3
DA:51,3
DA:53,3
DA:55,3
DA:59,11
DA:63,1
DA:65,1
DA:66,1
DA:68,1
LF:23
LH:23
BRDA:17,1,0,1
BRDA:17,1,1,0
BRDA:23,2,0,6
BRDA:23,2,1,1
BRDA:29,3,0,4
BRDA:29,3,1,0
BRDA:30,4,0,4
BRDA:30,4,1,0
BRDA:40,5,0,4
BRDA:40,5,1,0
BRDA:41,6,0,3
BRDA:41,6,1,1
BRDA:42,7,0,3
BRDA:42,7,1,0
BRDA:62,8,0,1
BRDA:62,8,1,0
BRDA:65,9,0,1
BRDA:65,9,1,0
BRF:18
BRH:11
end_of_record
TN:
SF:C:\Users\user\4-1 43\contracts\MyToken.sol
FN:7,constructor
FNF:1
FNH:1
FNDA:27,constructor
DA:8,27
DA:9,27
LF:2
LH:2
BRF:0
BRH:0
end_of_record
TN:
SF:C:\Users\user\4-1 43\contracts\NewSimplesafe.sol
FN:14,constructor
FN:18,onlyOwner
FN:23,deposit
FN:34,withdraw
FN:56,balanceOf
FN:60,takeFee
FN:72,SAFEOWNER
FNF:7
FNH:7
FNDA:10,constructor
FNDA:1,onlyOwner
FNDA:4,deposit
FNDA:4,withdraw
FNDA:11,balanceOf
FNDA:1,takeFee
FNDA:1,SAFEOWNER
DA:15,10
DA:19,1
DA:20,1
DA:24,4
DA:25,4
DA:28,4
DA:31,3
DA:35,4
DA:36,4
DA:37,3
DA:40,3
DA:42,3
DA:45,3
DA:48,3
DA:51,3
DA:53,3
DA:57,11
DA:61,1
DA:63,1
DA:65,1
DA:68,1
DA:73,1
LF:22
LH:22
BRDA:19,1,0,1
BRDA:19,1,1,0
BRDA:24,2,0,4
BRDA:24,2,1,0
BRDA:25,3,0,4
BRDA:25,3,1,0
BRDA:35,4,0,4
BRDA:35,4,1,0
BRDA:36,5,0,3
BRDA:36,5,1,1
BRDA:37,6,0,3
BRDA:37,6,1,0
BRDA:60,7,0,1
BRDA:60,7,1,0
BRDA:63,8,0,1
BRDA:63,8,1,0
BRF:16
BRH:9
end_of_record
TN:
SF:C:\Users\user\4-1 43\contracts\Proxy.sol
FN:18,constructor
FN:32,
FN:36,_writeowner
FN:43,_writeimplementation
FN:50,_Storeimplementation
FN:57,_StoreOwner
FN:64,_delegate
FN:68,upgrade
FN:78,OWNER
FN:83,getimplementation
FNF:10
FNH:8
FNDA:6,constructor
FNDA:0,
FNDA:6,_writeowner
FNDA:7,_writeimplementation
FNDA:7,_Storeimplementation
FNDA:6,_StoreOwner
FNDA:0,_delegate
FNDA:1,upgrade
FNDA:2,OWNER
FNDA:4,getimplementation
DA:20,6
DA:23,6
DA:25,6
DA:26,6
DA:27,6
DA:28,6
DA:33,0
DA:37,6
DA:38,6
DA:44,7
DA:45,7
DA:51,7
DA:52,7
DA:58,6
DA:59,6
DA:65,0
DA:70,1
DA:73,1
DA:74,1
DA:79,2
DA:84,4
LF:21
LH:19
BRDA:70,1,0,0
BRDA:70,1,1,1
BRF:2
BRH:1
end_of_record
TN:
SF:C:\Users\user\4-1 43\contracts\SafeFactory.sol
FN:20,constructor
FN:25,onlyOwner
FN:30,updateImplementation
FN:35,deploySafeProxy
FN:42,deploySafe
FN:50,getdeploySafeAddr
FN:56,getdeployProxyAddr
FN:62,OWNER
FNF:8
FNH:8
FNDA:6,constructor
FNDA:2,onlyOwner
FNDA:1,updateImplementation
FNDA:3,deploySafeProxy
FNDA:1,deploySafe
FNDA:1,getdeploySafeAddr
FNDA:3,getdeployProxyAddr
FNDA:1,OWNER
DA:21,6
DA:22,6
DA:26,2
DA:27,1
DA:31,1
DA:32,1
DA:36,3
DA:37,3
DA:38,3
DA:39,3
DA:43,1
DA:44,1
DA:45,1
DA:46,1
DA:51,1
DA:52,1
DA:57,3
DA:58,3
DA:63,1
LF:19
LH:19
BRDA:26,1,0,1
BRDA:26,1,1,1
BRDA:30,2,0,1
BRDA:30,2,1,1
BRDA:31,3,0,1
BRDA:31,3,1,0
BRDA:51,4,0,1
BRDA:51,4,1,0
BRDA:57,5,0,3
BRDA:57,5,1,0
BRF:10
BRH:7
end_of_record
